Build started 12.09.2015 14:46:49.
     1>Project "C:\Users\Genia\Documents\Visual Studio 2012\Projects\DZ30\DZ30\DZ30.vcxproj" on node 2 (Build target(s)).
     1>Link:
         C:\Program Files (x86)\Microsoft Visual Studio 11.0\VC\bin\link.exe /ERRORREPORT:PROMPT /OUT:"C:\Users\Genia\Documents\Visual Studio 2012\Projects\DZ30\Debug\DZ30.exe" /INCREMENTAL /NOLOGO kernel32.lib user32.lib gdi32.lib winspool.lib comdlg32.lib advapi32.lib shell32.lib ole32.lib oleaut32.lib uuid.lib odbc32.lib odbccp32.lib /MANIFEST /MANIFESTUAC:"level='asInvoker' uiAccess='false'" /manifest:embed /DEBUG /PDB:"C:\Users\Genia\Documents\Visual Studio 2012\Projects\DZ30\Debug\DZ30.pdb" /SUBSYSTEM:CONSOLE /TLBID:1 /DYNAMICBASE /NXCOMPAT /IMPLIB:"C:\Users\Genia\Documents\Visual Studio 2012\Projects\DZ30\Debug\DZ30.lib" /MACHINE:X86 Debug\dz30.obj
     1>MSVCRTD.lib(crtexe.obj) : error LNK2019: unresolved external symbol _main referenced in function ___tmainCRTStartup
     1>C:\Users\Genia\Documents\Visual Studio 2012\Projects\DZ30\Debug\DZ30.exe : fatal error LNK1120: 1 unresolved externals
     1>Done Building Project "C:\Users\Genia\Documents\Visual Studio 2012\Projects\DZ30\DZ30\DZ30.vcxproj" (Build target(s)) -- FAILED.

Build FAILED.

Time Elapsed 00:00:00.34
